<?xml version="1.0" encoding="UTF-8"?>
<testng-results ignored="0" total="7" passed="7" failed="0" skipped="0">
  <reporter-output>
  </reporter-output>
  <suite started-at="2024-04-04T21:53:11 IST" name="lumaWebOperationsTest" finished-at="2024-04-04T21:54:02 IST" duration-ms="50305">
    <groups>
    </groups>
    <test started-at="2024-04-04T21:53:11 IST" name="Command line test" finished-at="2024-04-04T21:54:02 IST" duration-ms="50305">
      <class name="lumaWebOperationsTest">
        <test-method is-config="true" signature="VisitHomePage()[pri:0, instance:lumaWebOperationsTest@6328d34a]" started-at="2024-04-04T21:53:11 IST" name="VisitHomePage" finished-at="2024-04-04T21:53:17 IST" duration-ms="5282" status="PASS">
          <reporter-output>
          </reporter-output>
        </test-method> <!-- VisitHomePage -->
        <test-method signature="HomePageTitle()[pri:1, instance:lumaWebOperationsTest@6328d34a]" started-at="2024-04-04T21:53:17 IST" name="HomePageTitle" finished-at="2024-04-04T21:53:17 IST" duration-ms="7" status="PASS">
          <reporter-output>
          </reporter-output>
        </test-method> <!-- HomePageTitle -->
        <test-method signature="SignIn()[pri:2, instance:lumaWebOperationsTest@6328d34a]" started-at="2024-04-04T21:53:17 IST" name="SignIn" finished-at="2024-04-04T21:53:21 IST" duration-ms="3938" status="PASS">
          <reporter-output>
          </reporter-output>
        </test-method> <!-- SignIn -->
        <test-method signature="myAccount()[pri:3, instance:lumaWebOperationsTest@6328d34a]" started-at="2024-04-04T21:53:21 IST" name="myAccount" finished-at="2024-04-04T21:53:31 IST" duration-ms="10217" status="PASS">
          <reporter-output>
          </reporter-output>
        </test-method> <!-- myAccount -->
        <test-method signature="visitHome()[pri:4, instance:lumaWebOperationsTest@6328d34a]" started-at="2024-04-04T21:53:31 IST" name="visitHome" finished-at="2024-04-04T21:53:32 IST" duration-ms="853" status="PASS">
          <reporter-output>
          </reporter-output>
        </test-method> <!-- visitHome -->
        <test-method signature="myWishlist()[pri:5, instance:lumaWebOperationsTest@6328d34a]" started-at="2024-04-04T21:53:32 IST" name="myWishlist" finished-at="2024-04-04T21:53:46 IST" duration-ms="13988" status="PASS">
          <reporter-output>
          </reporter-output>
        </test-method> <!-- myWishlist -->
        <test-method signature="AddToCompare()[pri:6, instance:lumaWebOperationsTest@6328d34a]" started-at="2024-04-04T21:53:46 IST" name="AddToCompare" finished-at="2024-04-04T21:54:01 IST" duration-ms="15002" status="PASS">
          <reporter-output>
          </reporter-output>
        </test-method> <!-- AddToCompare -->
        <test-method signature="Cart()[pri:7, instance:lumaWebOperationsTest@6328d34a]" started-at="2024-04-04T21:54:01 IST" name="Cart" finished-at="2024-04-04T21:54:01 IST" duration-ms="107" status="PASS">
          <reporter-output>
          </reporter-output>
        </test-method> <!-- Cart -->
        <test-method is-config="true" signature="tearDown()[pri:0, instance:lumaWebOperationsTest@6328d34a]" started-at="2024-04-04T21:54:01 IST" name="tearDown" finished-at="2024-04-04T21:54:02 IST" duration-ms="865" status="PASS">
          <reporter-output>
          </reporter-output>
        </test-method> <!-- tearDown -->
      </class> <!-- lumaWebOperationsTest -->
    </test> <!-- Command line test -->
  </suite> <!-- lumaWebOperationsTest -->
</testng-results>
