<?xml version="1.0" encoding="UTF-8"?>
<!-- Generated by org.testng.reporters.JUnitXMLReporter -->
<testsuite ignored="0" hostname="INL-JCNZG63" failures="1" tests="8" name="Command line test" time="10.453" errors="0" timestamp="2024-04-05T15:42:14 IST">
  <testcase classname="crudOperations.Test" name="createValidUser" time="2.676"/>
  <testcase classname="crudOperations.Test" name="createInvalidUser" time="0.977"/>
  <testcase classname="crudOperations.Test" name="updateValidUser" time="1.057">
    <failure type="java.lang.AssertionError" message="expected [200] but found [422]">
      <![CDATA[java.lang.AssertionError: expected [200] but found [422]
at crudOperations.Test.updateValidUser(Test.java:78)
at java.base/java.util.ArrayList.forEach(ArrayList.java:1541)
... Removed 43 stack frames]]>
    </failure>
  </testcase> <!-- updateValidUser -->
  <testcase classname="crudOperations.Test" name="updateInvalidUser" time="1.189"/>
  <testcase classname="crudOperations.Test" name="fetchValidUser" time="1.116"/>
  <testcase classname="crudOperations.Test" name="fetchInvalidUser" time="1.053"/>
  <testcase classname="crudOperations.Test" name="deleteValidUser" time="1.17"/>
  <testcase classname="crudOperations.Test" name="deleteInvalidUser" time="1.151"/>
</testsuite> <!-- Command line test -->
