<?xml version="1.0" encoding="UTF-8" ?>
<testsuite tests="8" failures="1" name="crudOperations.Test" time="10.394" errors="0" skipped="0">
  <properties>
[...]
</properties>
  <testcase classname="crudOperations.Test" name="createValidUser" time="2.677"/>
  <testcase classname="crudOperations.Test" name="createInvalidUser" time="0.977"/>
  <testcase classname="crudOperations.Test" name="updateValidUser" time="1.06">
    <failure message="expected [200] but found [422]" type="java.lang.AssertionError">java.lang.AssertionError: expected [200] but found [422]
	at org.testng.Assert.fail(Assert.java:111)
	at org.testng.Assert.failNotEquals(Assert.java:1578)
	at org.testng.Assert.assertEqualsImpl(Assert.java:150)
	at org.testng.Assert.assertEquals(Assert.java:132)
	at org.testng.Assert.assertEquals(Assert.java:1419)
	at org.testng.Assert.assertEquals(Assert.java:1383)
	at org.testng.Assert.assertEquals(Assert.java:1429)
	at crudOperations.Test.updateValidUser(Test.java:78)
</failure>
    <system-out>15:42:08.913 [main] INFO crudOperations.Test -  Update Status : 422
15:42:08.915 [main] INFO crudOperations.Test - Update User[{&quot;field&quot;:&quot;email&quot;,&quot;message&quot;:&quot;has already been taken&quot;}]
</system-out>
  </testcase>
  <testcase classname="crudOperations.Test" name="updateInvalidUser" time="1.189"/>
  <testcase classname="crudOperations.Test" name="fetchValidUser" time="1.116"/>
  <testcase classname="crudOperations.Test" name="fetchInvalidUser" time="1.053"/>
  <testcase classname="crudOperations.Test" name="deleteValidUser" time="1.17"/>
  <testcase classname="crudOperations.Test" name="deleteInvalidUser" time="1.152"/>
</testsuite>